2025-04-07 22:54:48.668 [warning] /home/runner/.ssh/config: ENOENT: no such file or directory, open '/home/runner/.ssh/config'
2025-04-07 22:54:48.668 [info] [Activation] Extension version: 0.109.2025040708
2025-04-07 22:54:49.794 [info] [Activation] Looking for git repository
2025-04-07 22:54:49.794 [info] [Activation] Found 0 repositories during activation
2025-04-07 22:54:49.794 [info] [Activation] Git repository found, initializing review manager and pr tree view.
2025-04-07 22:54:49.798 [info] [GitAPI] Registering git provider
2025-04-07 22:54:49.798 [info] [Review+0] Validate state in progress
2025-04-07 22:54:49.798 [info] [Review+0] Validating state...
2025-04-07 22:54:50.023 [info] [FolderRepositoryManager+0] Found GitHub remote for folder /home/runner/workspace
2025-04-07 22:54:50.203 [info] [FolderRepositoryManager+0] Trying to use globalState for assignableUsers.
2025-04-07 22:54:50.352 [info] [Review+0] No matching pull request metadata found locally for current branch main
2025-04-07 22:54:50.527 [info] [FolderRepositoryManager+0] GlobalState does not exist for assignableUsers.
2025-04-07 22:54:50.578 [info] [Review+0] No matching pull request metadata found on GitHub for current branch main
2025-04-07 22:54:53.714 [info] [Activation] Repo state for file:///home/runner/workspace changed.
2025-04-07 22:54:53.714 [info] [Activation] Repo file:///home/runner/workspace has already been setup.
2025-04-07 23:04:48.605 [info] [Review+0] Validate state in progress
2025-04-07 23:04:48.605 [info] [Review+0] Validating state...
2025-04-07 23:04:48.822 [info] [FolderRepositoryManager+0] Found GitHub remote for folder /home/runner/workspace
2025-04-07 23:04:48.822 [info] [FolderRepositoryManager+0] Using in-memory cached assignable users.
2025-04-07 23:04:48.830 [info] [Review+0] No matching pull request metadata found locally for current branch main
2025-04-07 23:04:49.048 [info] [Review+0] No matching pull request metadata found on GitHub for current branch main
