2025-04-07 22:54:46.588 [info] [main] Log level: Info
2025-04-07 22:54:46.588 [info] [main] Validating found git in: "git"
2025-04-07 22:54:46.588 [info] [main] Using git "2.47.2" from "git"
2025-04-07 22:54:46.588 [info] [Model][doInitialScan] Initial repository scan started
2025-04-07 22:54:46.588 [info] > git rev-parse --show-toplevel [1ms]
2025-04-07 22:54:46.588 [info] > git rev-parse --git-dir --git-common-dir [1ms]
2025-04-07 22:54:46.588 [info] [Model][openRepository] Opened repository: /home/runner/workspace
2025-04-07 22:54:46.588 [info] > git config --get commit.template [3ms]
2025-04-07 22:54:46.588 [info] > git rev-parse --show-toplevel [2ms]
2025-04-07 22:54:46.588 [info] > git for-each-ref --format=%(refname)%00%(upstream:short)%00%(objectname)%00%(upstream:track)%00%(upstream:remotename)%00%(upstream:remoteref) refs/heads/main refs/remotes/main [4ms]
2025-04-07 22:54:46.588 [info] > git status -z -uall [4ms]
2025-04-07 22:54:46.588 [info] > git rev-parse --show-toplevel [9ms]
2025-04-07 22:54:46.588 [info] > git for-each-ref --sort -committerdate --format %(refname)%00%(objectname)%00%(*objectname) [4ms]
2025-04-07 22:54:46.588 [info] > git for-each-ref --format=%(refname)%00%(upstream:short)%00%(objectname)%00%(upstream:track)%00%(upstream:remotename)%00%(upstream:remoteref) refs/heads/main refs/remotes/main [5ms]
2025-04-07 22:54:46.588 [info] > git rev-parse --show-toplevel [21ms]
2025-04-07 22:54:46.588 [info] > git config --get commit.template [6ms]
2025-04-07 22:54:46.588 [info] > git config --get --local branch.main.vscode-merge-base [4ms]
2025-04-07 22:54:46.588 [warning] [Git][config] git config failed: Failed to execute git
2025-04-07 22:54:46.588 [info] > git rev-parse --show-toplevel [8ms]
2025-04-07 22:54:46.588 [info] > git for-each-ref --format=%(refname)%00%(upstream:short)%00%(objectname)%00%(upstream:track)%00%(upstream:remotename)%00%(upstream:remoteref) refs/heads/main refs/remotes/main [4ms]
2025-04-07 22:54:46.588 [info] > git rev-parse --show-toplevel [1ms]
2025-04-07 22:54:46.588 [info] > git status -z -uall [449ms]
2025-04-07 22:54:46.588 [info] > git rev-parse --show-toplevel [452ms]
2025-04-07 22:54:46.588 [info] > git reflog main --grep-reflog=branch: Created from *. [464ms]
2025-04-07 22:54:46.588 [info] > git fetch [541ms]
2025-04-07 22:54:46.588 [info] Missing or invalid credentials.
Skip silent fetch commands
Missing or invalid credentials.
Skip silent fetch commands
remote: Repository not found.
fatal: Authentication failed for 'https://github.com/adimughal/infymailer/'
2025-04-07 22:54:46.588 [info] > git for-each-ref --sort -committerdate --format %(refname)%00%(objectname)%00%(*objectname) [470ms] (cancelled)
2025-04-07 22:54:46.588 [info] > git for-each-ref --format=%(refname)%00%(upstream:short)%00%(objectname)%00%(upstream:track)%00%(upstream:remotename)%00%(upstream:remoteref) refs/heads/main refs/remotes/main [20ms]
2025-04-07 22:54:46.588 [info] > git rev-parse --show-toplevel [39ms]
2025-04-07 22:54:46.588 [info] > git symbolic-ref --short refs/remotes/origin/HEAD [52ms]
2025-04-07 22:54:46.588 [info] > git config --get --local branch.main.vscode-merge-base [12ms]
2025-04-07 22:54:46.588 [warning] [Git][config] git config failed: Failed to execute git
2025-04-07 22:54:46.588 [info] > git config --get commit.template [26ms]
2025-04-07 22:54:46.588 [info] > git rev-parse --show-toplevel [10ms]
2025-04-07 22:54:46.588 [info] > git for-each-ref --format=%(refname)%00%(upstream:short)%00%(objectname)%00%(upstream:track)%00%(upstream:remotename)%00%(upstream:remoteref) refs/heads/origin/main refs/remotes/origin/main [16ms]
2025-04-07 22:54:46.588 [info] > git reflog main --grep-reflog=branch: Created from *. [19ms]
2025-04-07 22:54:46.588 [info] > git rev-parse --show-toplevel [10ms]
2025-04-07 22:54:46.588 [info] > git for-each-ref --format=%(refname)%00%(upstream:short)%00%(objectname)%00%(upstream:track)%00%(upstream:remotename)%00%(upstream:remoteref) refs/heads/main refs/remotes/main [14ms]
2025-04-07 22:54:46.588 [info] > git config --add --local branch.main.vscode-merge-base origin/main [19ms]
2025-04-07 22:54:46.598 [info] > git symbolic-ref --short refs/remotes/origin/HEAD [17ms]
2025-04-07 22:54:46.603 [info] > git config --get commit.template [6ms]
2025-04-07 22:54:46.603 [info] > git rev-parse --show-toplevel [11ms]
2025-04-07 22:54:46.606 [info] [Model][doInitialScan] Initial repository scan completed - repositories (1), closed repositories (0), parent repositories (0), unsafe repositories (0)
2025-04-07 22:54:46.607 [info] > git for-each-ref --format=%(refname)%00%(upstream:short)%00%(objectname)%00%(upstream:track)%00%(upstream:remotename)%00%(upstream:remoteref) refs/heads/origin/main refs/remotes/origin/main [5ms]
2025-04-07 22:54:46.622 [info] > git for-each-ref --format=%(refname)%00%(upstream:short)%00%(objectname)%00%(upstream:track)%00%(upstream:remotename)%00%(upstream:remoteref) refs/heads/main refs/remotes/main [5ms]
2025-04-07 22:54:46.626 [info] > git config --add --local branch.main.vscode-merge-base origin/main [15ms]
2025-04-07 22:54:46.632 [info] > git for-each-ref --format=%(refname)%00%(upstream:short)%00%(objectname)%00%(upstream:track)%00%(upstream:remotename)%00%(upstream:remoteref) refs/heads/main refs/remotes/main [11ms]
2025-04-07 22:54:46.632 [info] > git config --get --local branch.main.vscode-merge-base [6ms]
2025-04-07 22:54:46.638 [info] > git config --get commit.template [5ms]
2025-04-07 22:54:46.642 [info] > git for-each-ref --format=%(refname)%00%(upstream:short)%00%(objectname)%00%(upstream:track)%00%(upstream:remotename)%00%(upstream:remoteref) refs/heads/origin/main refs/remotes/origin/main [5ms]
2025-04-07 22:54:46.657 [info] > git for-each-ref --format=%(refname)%00%(upstream:short)%00%(objectname)%00%(upstream:track)%00%(upstream:remotename)%00%(upstream:remoteref) refs/heads/main refs/remotes/main [15ms]
2025-04-07 22:54:46.658 [info] > git merge-base refs/heads/main refs/remotes/origin/main [6ms]
2025-04-07 22:54:46.663 [info] > git merge-base refs/heads/main refs/remotes/origin/main [16ms]
2025-04-07 22:54:46.668 [info] > git diff --name-status -z --diff-filter=ADMR 00bc8edb909a02d8115381f74d75b53b17839041...refs/remotes/origin/main [6ms]
2025-04-07 22:54:46.668 [info] > git merge-base refs/heads/main refs/remotes/origin/main [11ms]
2025-04-07 22:54:46.673 [info] > git diff --name-status -z --diff-filter=ADMR 00bc8edb909a02d8115381f74d75b53b17839041...refs/remotes/origin/main [6ms]
2025-04-07 22:54:46.683 [info] > git status -z -uall [6ms]
2025-04-07 22:54:46.683 [info] > git diff --name-status -z --diff-filter=ADMR 00bc8edb909a02d8115381f74d75b53b17839041...refs/remotes/origin/main [11ms]
2025-04-07 22:54:46.684 [info] > git for-each-ref --sort -committerdate --format %(refname)%00%(objectname)%00%(*objectname) [2ms]
2025-04-07 22:54:46.999 [info] > git check-ignore -v -z --stdin [1ms]
2025-04-07 22:54:48.316 [info] > git config --get commit.template [68ms]
2025-04-07 22:54:48.661 [info] > git for-each-ref --format=%(refname)%00%(upstream:short)%00%(objectname)%00%(upstream:track)%00%(upstream:remotename)%00%(upstream:remoteref) refs/heads/main refs/remotes/main [32ms]
2025-04-07 22:54:48.684 [info] > git status -z -uall [11ms]
2025-04-07 22:54:48.684 [info] > git for-each-ref --sort -committerdate --format %(refname)%00%(objectname)%00%(*objectname) [6ms]
2025-04-07 22:54:50.351 [info] > git config --get --local branch.main.github-pr-owner-number [141ms]
2025-04-07 22:54:50.351 [warning] [Git][config] git config failed: Failed to execute git
2025-04-07 22:54:53.698 [info] > git config --get commit.template [5ms]
2025-04-07 22:54:53.699 [info] > git for-each-ref --format=%(refname)%00%(upstream:short)%00%(objectname)%00%(upstream:track)%00%(upstream:remotename)%00%(upstream:remoteref) refs/heads/main refs/remotes/main [1ms]
2025-04-07 22:54:53.711 [info] > git status -z -uall [7ms]
2025-04-07 22:54:53.712 [info] > git for-each-ref --sort -committerdate --format %(refname)%00%(objectname)%00%(*objectname) [2ms]
2025-04-07 22:54:58.728 [info] > git config --get commit.template [6ms]
2025-04-07 22:54:58.729 [info] > git for-each-ref --format=%(refname)%00%(upstream:short)%00%(objectname)%00%(upstream:track)%00%(upstream:remotename)%00%(upstream:remoteref) refs/heads/main refs/remotes/main [1ms]
2025-04-07 22:54:58.741 [info] > git status -z -uall [6ms]
2025-04-07 22:54:58.742 [info] > git for-each-ref --sort -committerdate --format %(refname)%00%(objectname)%00%(*objectname) [2ms]
2025-04-07 22:55:00.900 [info] > git config --get commit.template [22ms]
2025-04-07 22:55:00.910 [info] > git for-each-ref --format=%(refname)%00%(upstream:short)%00%(objectname)%00%(upstream:track)%00%(upstream:remotename)%00%(upstream:remoteref) refs/heads/main refs/remotes/main [4ms]
2025-04-07 22:55:00.923 [info] > git status -z -uall [7ms]
2025-04-07 22:55:00.923 [info] > git for-each-ref --sort -committerdate --format %(refname)%00%(objectname)%00%(*objectname) [1ms]
2025-04-07 22:55:01.915 [info] > git diff --name-status -z --diff-filter=ADMR @{upstream} [2ms]
2025-04-07 22:55:03.756 [info] > git config --get commit.template [5ms]
2025-04-07 22:55:03.799 [info] > git for-each-ref --format=%(refname)%00%(upstream:short)%00%(objectname)%00%(upstream:track)%00%(upstream:remotename)%00%(upstream:remoteref) refs/heads/main refs/remotes/main [44ms]
2025-04-07 22:55:03.810 [info] > git status -z -uall [6ms]
2025-04-07 22:55:03.810 [info] > git for-each-ref --sort -committerdate --format %(refname)%00%(objectname)%00%(*objectname) [1ms]
2025-04-07 22:55:08.824 [info] > git config --get commit.template [5ms]
2025-04-07 22:55:08.825 [info] > git for-each-ref --format=%(refname)%00%(upstream:short)%00%(objectname)%00%(upstream:track)%00%(upstream:remotename)%00%(upstream:remoteref) refs/heads/main refs/remotes/main [2ms]
2025-04-07 22:55:08.835 [info] > git status -z -uall [5ms]
2025-04-07 22:55:08.836 [info] > git for-each-ref --sort -committerdate --format %(refname)%00%(objectname)%00%(*objectname) [1ms]
2025-04-07 22:57:01.915 [info] > git diff --name-status -z --diff-filter=ADMR @{upstream} [2ms]
2025-04-07 22:59:01.915 [info] > git diff --name-status -z --diff-filter=ADMR @{upstream} [2ms]
2025-04-07 23:01:01.920 [info] > git diff --name-status -z --diff-filter=ADMR @{upstream} [6ms]
2025-04-07 23:03:01.918 [info] > git diff --name-status -z --diff-filter=ADMR @{upstream} [3ms]
2025-04-07 23:04:48.582 [info] > git config --get commit.template [6ms]
2025-04-07 23:04:48.583 [info] > git for-each-ref --format=%(refname)%00%(upstream:short)%00%(objectname)%00%(upstream:track)%00%(upstream:remotename)%00%(upstream:remoteref) refs/heads/main refs/remotes/main [2ms]
2025-04-07 23:04:48.596 [info] > git for-each-ref --sort -committerdate --format %(refname)%00%(objectname)%00%(*objectname) [1ms]
2025-04-07 23:04:48.603 [info] > git status -z -uall [15ms]
2025-04-07 23:04:48.612 [info] > git merge-base refs/heads/main refs/remotes/origin/main [1ms]
2025-04-07 23:04:48.619 [info] > git diff --name-status -z --diff-filter=ADMR 00bc8edb909a02d8115381f74d75b53b17839041...refs/remotes/origin/main [2ms]
2025-04-07 23:04:48.830 [info] > git config --get --local branch.main.github-pr-owner-number [2ms]
2025-04-07 23:04:48.830 [warning] [Git][config] git config failed: Failed to execute git
2025-04-07 23:04:53.623 [info] > git config --get commit.template [6ms]
2025-04-07 23:04:53.624 [info] > git for-each-ref --format=%(refname)%00%(upstream:short)%00%(objectname)%00%(upstream:track)%00%(upstream:remotename)%00%(upstream:remoteref) refs/heads/main refs/remotes/main [2ms]
2025-04-07 23:04:53.635 [info] > git status -z -uall [5ms]
2025-04-07 23:04:53.635 [info] > git for-each-ref --sort -committerdate --format %(refname)%00%(objectname)%00%(*objectname) [2ms]
2025-04-07 23:05:01.917 [info] > git diff --name-status -z --diff-filter=ADMR @{upstream} [2ms]
2025-04-07 23:07:01.918 [info] > git diff --name-status -z --diff-filter=ADMR @{upstream} [2ms]
2025-04-07 23:09:01.918 [info] > git diff --name-status -z --diff-filter=ADMR @{upstream} [2ms]
2025-04-07 23:11:01.917 [info] > git diff --name-status -z --diff-filter=ADMR @{upstream} [2ms]
2025-04-07 23:13:01.917 [info] > git diff --name-status -z --diff-filter=ADMR @{upstream} [2ms]
2025-04-07 23:15:01.918 [info] > git diff --name-status -z --diff-filter=ADMR @{upstream} [2ms]
2025-04-07 23:17:01.920 [info] > git diff --name-status -z --diff-filter=ADMR @{upstream} [2ms]
2025-04-07 23:19:01.917 [info] > git diff --name-status -z --diff-filter=ADMR @{upstream} [2ms]
2025-04-07 23:21:01.920 [info] > git diff --name-status -z --diff-filter=ADMR @{upstream} [2ms]
2025-04-07 23:21:34.245 [info] > git check-ignore -v -z --stdin [1ms]
2025-04-07 23:23:01.919 [info] > git diff --name-status -z --diff-filter=ADMR @{upstream} [2ms]
2025-04-07 23:25:01.919 [info] > git diff --name-status -z --diff-filter=ADMR @{upstream} [1ms]
2025-04-07 23:27:01.921 [info] > git diff --name-status -z --diff-filter=ADMR @{upstream} [2ms]
2025-04-07 23:29:01.923 [info] > git diff --name-status -z --diff-filter=ADMR @{upstream} [2ms]
2025-04-07 23:31:01.923 [info] > git diff --name-status -z --diff-filter=ADMR @{upstream} [1ms]
2025-04-07 23:33:01.920 [info] > git diff --name-status -z --diff-filter=ADMR @{upstream} [2ms]
2025-04-07 23:35:01.922 [info] > git diff --name-status -z --diff-filter=ADMR @{upstream} [1ms]
2025-04-07 23:37:01.921 [info] > git diff --name-status -z --diff-filter=ADMR @{upstream} [2ms]
2025-04-07 23:39:01.920 [info] > git diff --name-status -z --diff-filter=ADMR @{upstream} [1ms]
2025-04-07 23:41:01.920 [info] > git diff --name-status -z --diff-filter=ADMR @{upstream} [2ms]
2025-04-07 23:43:01.922 [info] > git diff --name-status -z --diff-filter=ADMR @{upstream} [1ms]
2025-04-07 23:45:01.922 [info] > git diff --name-status -z --diff-filter=ADMR @{upstream} [2ms]
2025-04-07 23:47:01.921 [info] > git diff --name-status -z --diff-filter=ADMR @{upstream} [2ms]
2025-04-07 23:49:01.924 [info] > git diff --name-status -z --diff-filter=ADMR @{upstream} [2ms]
2025-04-07 23:51:01.924 [info] > git diff --name-status -z --diff-filter=ADMR @{upstream} [2ms]
2025-04-07 23:53:01.924 [info] > git diff --name-status -z --diff-filter=ADMR @{upstream} [1ms]
2025-04-07 23:55:01.925 [info] > git diff --name-status -z --diff-filter=ADMR @{upstream} [2ms]
2025-04-07 23:57:01.928 [info] > git diff --name-status -z --diff-filter=ADMR @{upstream} [2ms]
2025-04-07 23:59:01.926 [info] > git diff --name-status -z --diff-filter=ADMR @{upstream} [2ms]
2025-04-08 00:01:01.927 [info] > git diff --name-status -z --diff-filter=ADMR @{upstream} [2ms]
2025-04-08 00:03:01.927 [info] > git diff --name-status -z --diff-filter=ADMR @{upstream} [2ms]
2025-04-08 00:05:01.927 [info] > git diff --name-status -z --diff-filter=ADMR @{upstream} [2ms]
2025-04-08 00:07:01.926 [info] > git diff --name-status -z --diff-filter=ADMR @{upstream} [2ms]
2025-04-08 00:09:01.927 [info] > git diff --name-status -z --diff-filter=ADMR @{upstream} [2ms]
2025-04-08 00:11:01.928 [info] > git diff --name-status -z --diff-filter=ADMR @{upstream} [2ms]
